0 info it worked if it ends with ok
1 verbose cli [ 'node', '/usr/local/bin/npm', 'install' ]
2 info using npm@1.2.0
3 info using node@v0.8.17
4 verbose read json /Users/chris_reilly/forge-workspace/tattlr/development/web/package.json
5 warn package.json forge-web@0.0.1 No README.md file found!
6 verbose readDependencies using package.json deps
7 verbose install where, deps [ '/Users/chris_reilly/forge-workspace/tattlr/development/web',
7 verbose install   [ 'express' ] ]
8 verbose from cache /Users/chris_reilly/forge-workspace/tattlr/development/web/package.json
9 info preinstall forge-web@0.0.1
10 verbose from cache /Users/chris_reilly/forge-workspace/tattlr/development/web/package.json
11 verbose readDependencies using package.json deps
12 verbose cache add [ 'express@2.5', null ]
13 silly cache add name=undefined spec="express@2.5" args=["express@2.5",null]
14 verbose parsed url { pathname: 'express@2.5',
14 verbose parsed url   path: 'express@2.5',
14 verbose parsed url   href: 'express@2.5' }
15 silly cache add name="express" spec="2.5" args=["express","2.5"]
16 verbose parsed url { pathname: '2.5', path: '2.5', href: '2.5' }
17 verbose addNamed [ 'express', '2.5' ]
18 verbose addNamed [ null, '>=2.5.0- <2.6.0-' ]
19 silly lockFile d7aef77a-express-2-5 express@2.5
20 verbose lock express@2.5 /Users/chris_reilly/.npm/d7aef77a-express-2-5.lock
21 silly lockFile d7aef77a-express-2-5 express@2.5
22 error Error: EACCES, open '/Users/chris_reilly/.npm/d7aef77a-express-2-5.lock'
22 error  { [Error: EACCES, open '/Users/chris_reilly/.npm/d7aef77a-express-2-5.lock']
22 error   errno: 3,
22 error   code: 'EACCES',
22 error   path: '/Users/chris_reilly/.npm/d7aef77a-express-2-5.lock' }
23 error Please try running this command again as root/Administrator.
24 error System Darwin 12.2.1
25 error command "node" "/usr/local/bin/npm" "install"
26 error cwd /Users/chris_reilly/forge-workspace/tattlr/development/web
27 error node -v v0.8.17
28 error npm -v 1.2.0
29 error path /Users/chris_reilly/.npm/d7aef77a-express-2-5.lock
30 error code EACCES
31 error errno 3
32 error stack Error: EACCES, open '/Users/chris_reilly/.npm/d7aef77a-express-2-5.lock'
33 verbose exit [ 3, true ]
